****                   ADMIXTURE Version 1.3.0                  ****
****                    Copyright 2008-2015                     ****
****           David Alexander, Suyash Shringarpure,            ****
****                John  Novembre, Ken Lange                   ****
****                                                            ****
****                 Please cite our paper!                     ****
****   Information at www.genetics.ucla.edu/software/admixture  ****

Cross-validation will be performed.  Folds=5.
Random seed: 43
Point estimation method: Block relaxation algorithm
Convergence acceleration algorithm: QuasiNewton, 3 secant conditions
Point estimation will terminate when objective function delta < 0.0001
Estimation of standard errors disabled; will compute point estimates only.
Size of G: 261x38525
Performing five EM steps to prime main algorithm
1 (EM) 	Elapsed: 1.489	Loglikelihood: -4.72993e+06	(delta): 9.90255e+06
2 (EM) 	Elapsed: 1.5	Loglikelihood: -4.49347e+06	(delta): 236460
3 (EM) 	Elapsed: 1.491	Loglikelihood: -4.45868e+06	(delta): 34794.2
4 (EM) 	Elapsed: 1.487	Loglikelihood: -4.43953e+06	(delta): 19145.6
5 (EM) 	Elapsed: 1.488	Loglikelihood: -4.42492e+06	(delta): 14606.7
Initial loglikelihood: -4.42492e+06
Starting main algorithm
1 (QN/Block) 	Elapsed: 4.338	Loglikelihood: -4.23409e+06	(delta): 190838
2 (QN/Block) 	Elapsed: 4.334	Loglikelihood: -4.16456e+06	(delta): 69526.1
3 (QN/Block) 	Elapsed: 4.611	Loglikelihood: -4.13069e+06	(delta): 33870.4
4 (QN/Block) 	Elapsed: 4.621	Loglikelihood: -4.10727e+06	(delta): 23414.8
5 (QN/Block) 	Elapsed: 4.619	Loglikelihood: -4.09224e+06	(delta): 15036.3
6 (QN/Block) 	Elapsed: 4.619	Loglikelihood: -4.08082e+06	(delta): 11414
7 (QN/Block) 	Elapsed: 4.611	Loglikelihood: -4.07314e+06	(delta): 7687.63
8 (QN/Block) 	Elapsed: 4.627	Loglikelihood: -4.06743e+06	(delta): 5708.77
9 (QN/Block) 	Elapsed: 4.513	Loglikelihood: -4.06517e+06	(delta): 2252.89
10 (QN/Block) 	Elapsed: 4.515	Loglikelihood: -4.06388e+06	(delta): 1293.06
11 (QN/Block) 	Elapsed: 4.511	Loglikelihood: -4.0627e+06	(delta): 1183.26
12 (QN/Block) 	Elapsed: 4.519	Loglikelihood: -4.06172e+06	(delta): 980.17
13 (QN/Block) 	Elapsed: 4.61	Loglikelihood: -4.061e+06	(delta): 718.361
14 (QN/Block) 	Elapsed: 4.621	Loglikelihood: -4.0606e+06	(delta): 398.748
15 (QN/Block) 	Elapsed: 4.599	Loglikelihood: -4.06004e+06	(delta): 562.503
16 (QN/Block) 	Elapsed: 4.609	Loglikelihood: -4.05968e+06	(delta): 362.237
17 (QN/Block) 	Elapsed: 4.614	Loglikelihood: -4.0595e+06	(delta): 173.165
18 (QN/Block) 	Elapsed: 4.508	Loglikelihood: -4.05943e+06	(delta): 70.7068
19 (QN/Block) 	Elapsed: 4.503	Loglikelihood: -4.0592e+06	(delta): 230.663
20 (QN/Block) 	Elapsed: 4.596	Loglikelihood: -4.0589e+06	(delta): 306.986
21 (QN/Block) 	Elapsed: 4.53	Loglikelihood: -4.05878e+06	(delta): 112.288
22 (QN/Block) 	Elapsed: 4.507	Loglikelihood: -4.05869e+06	(delta): 97.0153
23 (QN/Block) 	Elapsed: 4.613	Loglikelihood: -4.05867e+06	(delta): 20.1586
24 (QN/Block) 	Elapsed: 4.518	Loglikelihood: -4.05866e+06	(delta): 7.18625
25 (QN/Block) 	Elapsed: 4.534	Loglikelihood: -4.05865e+06	(delta): 6.61985
26 (QN/Block) 	Elapsed: 4.81	Loglikelihood: -4.05865e+06	(delta): 2.5589
27 (QN/Block) 	Elapsed: 4.806	Loglikelihood: -4.05865e+06	(delta): 3.42499
28 (QN/Block) 	Elapsed: 4.799	Loglikelihood: -4.05864e+06	(delta): 3.94778
29 (QN/Block) 	Elapsed: 4.53	Loglikelihood: -4.05864e+06	(delta): 2.04981
30 (QN/Block) 	Elapsed: 4.52	Loglikelihood: -4.05864e+06	(delta): 0.822509
31 (QN/Block) 	Elapsed: 4.521	Loglikelihood: -4.05864e+06	(delta): 0.674365
32 (QN/Block) 	Elapsed: 4.524	Loglikelihood: -4.05864e+06	(delta): 0.44469
33 (QN/Block) 	Elapsed: 4.527	Loglikelihood: -4.05864e+06	(delta): 0.242243
34 (QN/Block) 	Elapsed: 4.536	Loglikelihood: -4.05864e+06	(delta): 0.092114
35 (QN/Block) 	Elapsed: 4.521	Loglikelihood: -4.05864e+06	(delta): 0.01294
36 (QN/Block) 	Elapsed: 4.53	Loglikelihood: -4.05864e+06	(delta): 0.00215797
37 (QN/Block) 	Elapsed: 4.524	Loglikelihood: -4.05864e+06	(delta): 0.00181867
38 (QN/Block) 	Elapsed: 4.534	Loglikelihood: -4.05864e+06	(delta): 5.70682e-05
Summary: 
Converged in 38 iterations (185.264 sec)
Loglikelihood: -4058637.571258
Fst divergences between estimated populations: 
	Pop0	Pop1	Pop2	Pop3	Pop4	Pop5	Pop6	Pop7	Pop8	
Pop0	
Pop1	0.066	
Pop2	0.069	0.061	
Pop3	0.231	0.234	0.239	
Pop4	0.079	0.054	0.070	0.251	
Pop5	0.057	0.056	0.062	0.246	0.065	
Pop6	0.094	0.093	0.086	0.251	0.092	0.088	
Pop7	0.078	0.067	0.082	0.241	0.068	0.079	0.093	
Pop8	0.064	0.062	0.071	0.224	0.075	0.063	0.086	0.078	
Pop9	0.150	0.158	0.157	0.312	0.171	0.153	0.145	0.147	0.149	
CV error (K=10): 0.18500
Writing output files.
