****                   ADMIXTURE Version 1.3.0                  ****
****                    Copyright 2008-2015                     ****
****           David Alexander, Suyash Shringarpure,            ****
****                John  Novembre, Ken Lange                   ****
****                                                            ****
****                 Please cite our paper!                     ****
****   Information at www.genetics.ucla.edu/software/admixture  ****

Cross-validation will be performed.  Folds=5.
Random seed: 43
Point estimation method: Block relaxation algorithm
Convergence acceleration algorithm: QuasiNewton, 3 secant conditions
Point estimation will terminate when objective function delta < 0.0001
Estimation of standard errors disabled; will compute point estimates only.
Size of G: 261x5562
Performing five EM steps to prime main algorithm
1 (EM) 	Elapsed: 0.038	Loglikelihood: -1.64929e+06	(delta): 848118
2 (EM) 	Elapsed: 0.038	Loglikelihood: -1.60509e+06	(delta): 44194.9
3 (EM) 	Elapsed: 0.038	Loglikelihood: -1.59154e+06	(delta): 13548.9
4 (EM) 	Elapsed: 0.038	Loglikelihood: -1.58526e+06	(delta): 6284.49
5 (EM) 	Elapsed: 0.038	Loglikelihood: -1.58219e+06	(delta): 3069.73
Initial loglikelihood: -1.58219e+06
Starting main algorithm
1 (QN/Block) 	Elapsed: 0.091	Loglikelihood: -1.57228e+06	(delta): 9910.61
2 (QN/Block) 	Elapsed: 0.091	Loglikelihood: -1.56954e+06	(delta): 2741.3
3 (QN/Block) 	Elapsed: 0.11	Loglikelihood: -1.56824e+06	(delta): 1297.62
4 (QN/Block) 	Elapsed: 0.126	Loglikelihood: -1.56755e+06	(delta): 686.288
5 (QN/Block) 	Elapsed: 0.109	Loglikelihood: -1.56748e+06	(delta): 73.0079
6 (QN/Block) 	Elapsed: 0.134	Loglikelihood: -1.56745e+06	(delta): 30.9719
7 (QN/Block) 	Elapsed: 0.133	Loglikelihood: -1.5674e+06	(delta): 48.5722
8 (QN/Block) 	Elapsed: 0.136	Loglikelihood: -1.56732e+06	(delta): 77.6356
9 (QN/Block) 	Elapsed: 0.135	Loglikelihood: -1.56721e+06	(delta): 116.063
10 (QN/Block) 	Elapsed: 0.134	Loglikelihood: -1.56702e+06	(delta): 189.561
11 (QN/Block) 	Elapsed: 0.135	Loglikelihood: -1.5668e+06	(delta): 214.274
12 (QN/Block) 	Elapsed: 0.127	Loglikelihood: -1.56672e+06	(delta): 86.1981
13 (QN/Block) 	Elapsed: 0.109	Loglikelihood: -1.56669e+06	(delta): 32.7561
14 (QN/Block) 	Elapsed: 0.11	Loglikelihood: -1.56667e+06	(delta): 18.956
15 (QN/Block) 	Elapsed: 0.109	Loglikelihood: -1.56665e+06	(delta): 15.6317
16 (QN/Block) 	Elapsed: 0.109	Loglikelihood: -1.56664e+06	(delta): 7.47687
17 (QN/Block) 	Elapsed: 0.117	Loglikelihood: -1.56664e+06	(delta): 3.2373
18 (QN/Block) 	Elapsed: 0.109	Loglikelihood: -1.56664e+06	(delta): 1.33621
19 (QN/Block) 	Elapsed: 0.109	Loglikelihood: -1.56664e+06	(delta): 1.10473
20 (QN/Block) 	Elapsed: 0.109	Loglikelihood: -1.56664e+06	(delta): 0.183798
21 (QN/Block) 	Elapsed: 0.11	Loglikelihood: -1.56664e+06	(delta): 0.0305459
22 (QN/Block) 	Elapsed: 0.109	Loglikelihood: -1.56664e+06	(delta): 0.00542762
23 (QN/Block) 	Elapsed: 0.109	Loglikelihood: -1.56664e+06	(delta): 0.000399205
24 (QN/Block) 	Elapsed: 0.11	Loglikelihood: -1.56664e+06	(delta): 0.00025826
25 (QN/Block) 	Elapsed: 0.109	Loglikelihood: -1.56664e+06	(delta): 5.52181e-05
Summary: 
Converged in 25 iterations (3.383 sec)
Loglikelihood: -1566637.761280
Fst divergences between estimated populations: 
	Pop0	
Pop0	
Pop1	0.056	
CV error (K=2): 0.36878
Writing output files.
