****                   ADMIXTURE Version 1.3.0                  ****
****                    Copyright 2008-2015                     ****
****           David Alexander, Suyash Shringarpure,            ****
****                John  Novembre, Ken Lange                   ****
****                                                            ****
****                 Please cite our paper!                     ****
****   Information at www.genetics.ucla.edu/software/admixture  ****

Cross-validation will be performed.  Folds=5.
Random seed: 43
Point estimation method: Block relaxation algorithm
Convergence acceleration algorithm: QuasiNewton, 3 secant conditions
Point estimation will terminate when objective function delta < 0.0001
Estimation of standard errors disabled; will compute point estimates only.
Size of G: 261x38525
Performing five EM steps to prime main algorithm
1 (EM) 	Elapsed: 0.407	Loglikelihood: -4.71007e+06	(delta): 1.15208e+07
2 (EM) 	Elapsed: 0.403	Loglikelihood: -4.51171e+06	(delta): 198364
3 (EM) 	Elapsed: 0.403	Loglikelihood: -4.46638e+06	(delta): 45331.6
4 (EM) 	Elapsed: 0.402	Loglikelihood: -4.44146e+06	(delta): 24920.3
5 (EM) 	Elapsed: 0.399	Loglikelihood: -4.42613e+06	(delta): 15324.4
Initial loglikelihood: -4.42613e+06
Starting main algorithm
1 (QN/Block) 	Elapsed: 0.939	Loglikelihood: -4.34307e+06	(delta): 83065.5
2 (QN/Block) 	Elapsed: 0.952	Loglikelihood: -4.31409e+06	(delta): 28978.9
3 (QN/Block) 	Elapsed: 1.161	Loglikelihood: -4.29875e+06	(delta): 15336.8
4 (QN/Block) 	Elapsed: 1.099	Loglikelihood: -4.28809e+06	(delta): 10663.6
5 (QN/Block) 	Elapsed: 1.156	Loglikelihood: -4.2844e+06	(delta): 3683.85
6 (QN/Block) 	Elapsed: 1.055	Loglikelihood: -4.28358e+06	(delta): 818.472
7 (QN/Block) 	Elapsed: 1.049	Loglikelihood: -4.28334e+06	(delta): 246.285
8 (QN/Block) 	Elapsed: 1.055	Loglikelihood: -4.28324e+06	(delta): 102.452
9 (QN/Block) 	Elapsed: 1.054	Loglikelihood: -4.28319e+06	(delta): 47.4591
10 (QN/Block) 	Elapsed: 1.206	Loglikelihood: -4.28359e+06	(delta): -397.665
11 (QN/Block) 	Elapsed: 1.105	Loglikelihood: -4.28293e+06	(delta): 657.257
12 (QN/Block) 	Elapsed: 1.158	Loglikelihood: -4.2824e+06	(delta): 528.14
13 (QN/Block) 	Elapsed: 1.156	Loglikelihood: -4.28203e+06	(delta): 370.358
14 (QN/Block) 	Elapsed: 1.16	Loglikelihood: -4.28067e+06	(delta): 1361.54
15 (QN/Block) 	Elapsed: 1.157	Loglikelihood: -4.27941e+06	(delta): 1263.25
16 (QN/Block) 	Elapsed: 1.101	Loglikelihood: -4.27887e+06	(delta): 535.465
17 (QN/Block) 	Elapsed: 1.118	Loglikelihood: -4.27848e+06	(delta): 391.254
18 (QN/Block) 	Elapsed: 1.139	Loglikelihood: -4.27831e+06	(delta): 168.305
19 (QN/Block) 	Elapsed: 1.106	Loglikelihood: -4.27822e+06	(delta): 89.5071
20 (QN/Block) 	Elapsed: 1.165	Loglikelihood: -4.27818e+06	(delta): 38.2903
21 (QN/Block) 	Elapsed: 1.308	Loglikelihood: -4.27818e+06	(delta): 7.84168
22 (QN/Block) 	Elapsed: 1.188	Loglikelihood: -4.27817e+06	(delta): 3.88671
23 (QN/Block) 	Elapsed: 1.149	Loglikelihood: -4.27817e+06	(delta): 0.67479
24 (QN/Block) 	Elapsed: 1.054	Loglikelihood: -4.27817e+06	(delta): 0.331329
25 (QN/Block) 	Elapsed: 1.114	Loglikelihood: -4.27817e+06	(delta): 0.0836529
26 (QN/Block) 	Elapsed: 1.104	Loglikelihood: -4.27817e+06	(delta): 0.0263543
27 (QN/Block) 	Elapsed: 1.082	Loglikelihood: -4.27817e+06	(delta): 0.00741328
28 (QN/Block) 	Elapsed: 1.071	Loglikelihood: -4.27817e+06	(delta): 0.000419608
29 (QN/Block) 	Elapsed: 1.058	Loglikelihood: -4.27817e+06	(delta): 3.82364e-05
Summary: 
Converged in 29 iterations (36.156 sec)
Loglikelihood: -4278170.228638
Fst divergences between estimated populations: 
	Pop0	Pop1	
Pop0	
Pop1	0.058	
Pop2	0.032	0.062	
CV error (K=3): 0.18594
Writing output files.
