****                   ADMIXTURE Version 1.3.0                  ****
****                    Copyright 2008-2015                     ****
****           David Alexander, Suyash Shringarpure,            ****
****                John  Novembre, Ken Lange                   ****
****                                                            ****
****                 Please cite our paper!                     ****
****   Information at www.genetics.ucla.edu/software/admixture  ****

Cross-validation will be performed.  Folds=5.
Random seed: 43
Point estimation method: Block relaxation algorithm
Convergence acceleration algorithm: QuasiNewton, 3 secant conditions
Point estimation will terminate when objective function delta < 0.0001
Estimation of standard errors disabled; will compute point estimates only.
Size of G: 261x11955
Performing five EM steps to prime main algorithm
1 (EM) 	Elapsed: 0.175	Loglikelihood: -3.59144e+06	(delta): 1.25152e+06
2 (EM) 	Elapsed: 0.172	Loglikelihood: -3.50352e+06	(delta): 87923.1
3 (EM) 	Elapsed: 0.172	Loglikelihood: -3.47493e+06	(delta): 28590.1
4 (EM) 	Elapsed: 0.173	Loglikelihood: -3.45777e+06	(delta): 17158
5 (EM) 	Elapsed: 0.173	Loglikelihood: -3.44602e+06	(delta): 11748.8
Initial loglikelihood: -3.44602e+06
Starting main algorithm
1 (QN/Block) 	Elapsed: 0.46	Loglikelihood: -3.38558e+06	(delta): 60442.5
2 (QN/Block) 	Elapsed: 0.46	Loglikelihood: -3.35739e+06	(delta): 28183.3
3 (QN/Block) 	Elapsed: 0.538	Loglikelihood: -3.34993e+06	(delta): 7461.72
4 (QN/Block) 	Elapsed: 0.589	Loglikelihood: -3.34754e+06	(delta): 2392.2
5 (QN/Block) 	Elapsed: 0.51	Loglikelihood: -3.34671e+06	(delta): 833.731
6 (QN/Block) 	Elapsed: 0.536	Loglikelihood: -3.34644e+06	(delta): 264.321
7 (QN/Block) 	Elapsed: 0.517	Loglikelihood: -3.34639e+06	(delta): 49.4361
8 (QN/Block) 	Elapsed: 0.522	Loglikelihood: -3.34636e+06	(delta): 30.5227
9 (QN/Block) 	Elapsed: 0.514	Loglikelihood: -3.34631e+06	(delta): 53.6147
10 (QN/Block) 	Elapsed: 0.516	Loglikelihood: -3.34627e+06	(delta): 38.0225
11 (QN/Block) 	Elapsed: 0.542	Loglikelihood: -3.34623e+06	(delta): 42.7517
12 (QN/Block) 	Elapsed: 0.52	Loglikelihood: -3.34617e+06	(delta): 57.1172
13 (QN/Block) 	Elapsed: 0.556	Loglikelihood: -3.34607e+06	(delta): 97.7562
14 (QN/Block) 	Elapsed: 0.56	Loglikelihood: -3.34596e+06	(delta): 113.489
15 (QN/Block) 	Elapsed: 0.613	Loglikelihood: -3.34556e+06	(delta): 404.49
16 (QN/Block) 	Elapsed: 0.587	Loglikelihood: -3.34512e+06	(delta): 436.941
17 (QN/Block) 	Elapsed: 0.581	Loglikelihood: -3.34459e+06	(delta): 526.793
18 (QN/Block) 	Elapsed: 0.587	Loglikelihood: -3.34414e+06	(delta): 453.272
19 (QN/Block) 	Elapsed: 0.563	Loglikelihood: -3.34382e+06	(delta): 315.369
20 (QN/Block) 	Elapsed: 0.59	Loglikelihood: -3.34369e+06	(delta): 129.861
21 (QN/Block) 	Elapsed: 0.515	Loglikelihood: -3.34364e+06	(delta): 56.017
22 (QN/Block) 	Elapsed: 0.517	Loglikelihood: -3.34361e+06	(delta): 28.6399
23 (QN/Block) 	Elapsed: 0.517	Loglikelihood: -3.34354e+06	(delta): 68.4182
24 (QN/Block) 	Elapsed: 0.519	Loglikelihood: -3.34351e+06	(delta): 32.3356
25 (QN/Block) 	Elapsed: 0.521	Loglikelihood: -3.34348e+06	(delta): 23.6469
26 (QN/Block) 	Elapsed: 0.518	Loglikelihood: -3.34347e+06	(delta): 12.1919
27 (QN/Block) 	Elapsed: 0.512	Loglikelihood: -3.34346e+06	(delta): 10.1275
28 (QN/Block) 	Elapsed: 0.53	Loglikelihood: -3.34346e+06	(delta): 5.70902
29 (QN/Block) 	Elapsed: 0.526	Loglikelihood: -3.34345e+06	(delta): 2.83952
30 (QN/Block) 	Elapsed: 0.514	Loglikelihood: -3.34345e+06	(delta): 1.54076
31 (QN/Block) 	Elapsed: 0.519	Loglikelihood: -3.34345e+06	(delta): 1.01151
32 (QN/Block) 	Elapsed: 0.529	Loglikelihood: -3.34345e+06	(delta): 1.98904
33 (QN/Block) 	Elapsed: 0.51	Loglikelihood: -3.34345e+06	(delta): 0.19596
34 (QN/Block) 	Elapsed: 0.521	Loglikelihood: -3.34345e+06	(delta): 0.0414922
35 (QN/Block) 	Elapsed: 0.508	Loglikelihood: -3.34345e+06	(delta): 0.0146873
36 (QN/Block) 	Elapsed: 0.511	Loglikelihood: -3.34345e+06	(delta): 0.000580855
37 (QN/Block) 	Elapsed: 0.509	Loglikelihood: -3.34345e+06	(delta): 8.41636e-05
Summary: 
Converged in 37 iterations (21.72 sec)
Loglikelihood: -3343448.842063
Fst divergences between estimated populations: 
	Pop0	Pop1	Pop2	
Pop0	
Pop1	0.298	
Pop2	0.067	0.280	
Pop3	0.089	0.277	0.062	
CV error (K=4): 0.36353
Writing output files.
