****                   ADMIXTURE Version 1.3.0                  ****
****                    Copyright 2008-2015                     ****
****           David Alexander, Suyash Shringarpure,            ****
****                John  Novembre, Ken Lange                   ****
****                                                            ****
****                 Please cite our paper!                     ****
****   Information at www.genetics.ucla.edu/software/admixture  ****

Cross-validation will be performed.  Folds=5.
Random seed: 43
Point estimation method: Block relaxation algorithm
Convergence acceleration algorithm: QuasiNewton, 3 secant conditions
Point estimation will terminate when objective function delta < 0.0001
Estimation of standard errors disabled; will compute point estimates only.
Size of G: 261x5562
Performing five EM steps to prime main algorithm
1 (EM) 	Elapsed: 0.113	Loglikelihood: -1.65319e+06	(delta): 518980
2 (EM) 	Elapsed: 0.113	Loglikelihood: -1.61495e+06	(delta): 38238.3
3 (EM) 	Elapsed: 0.11	Loglikelihood: -1.60446e+06	(delta): 10494.8
4 (EM) 	Elapsed: 0.11	Loglikelihood: -1.59798e+06	(delta): 6476.09
5 (EM) 	Elapsed: 0.109	Loglikelihood: -1.59317e+06	(delta): 4812.33
Initial loglikelihood: -1.59317e+06
Starting main algorithm
1 (QN/Block) 	Elapsed: 0.293	Loglikelihood: -1.54668e+06	(delta): 46485.5
2 (QN/Block) 	Elapsed: 0.296	Loglikelihood: -1.53259e+06	(delta): 14095.9
3 (QN/Block) 	Elapsed: 0.356	Loglikelihood: -1.5289e+06	(delta): 3691.49
4 (QN/Block) 	Elapsed: 0.322	Loglikelihood: -1.52752e+06	(delta): 1377.75
5 (QN/Block) 	Elapsed: 0.319	Loglikelihood: -1.52668e+06	(delta): 838.438
6 (QN/Block) 	Elapsed: 0.332	Loglikelihood: -1.52616e+06	(delta): 519.54
7 (QN/Block) 	Elapsed: 0.321	Loglikelihood: -1.52592e+06	(delta): 241.808
8 (QN/Block) 	Elapsed: 0.331	Loglikelihood: -1.52572e+06	(delta): 197.541
9 (QN/Block) 	Elapsed: 0.33	Loglikelihood: -1.52561e+06	(delta): 106.022
10 (QN/Block) 	Elapsed: 0.343	Loglikelihood: -1.52555e+06	(delta): 68.7364
11 (QN/Block) 	Elapsed: 0.321	Loglikelihood: -1.52552e+06	(delta): 21.3575
12 (QN/Block) 	Elapsed: 0.32	Loglikelihood: -1.52552e+06	(delta): 8.54932
13 (QN/Block) 	Elapsed: 0.32	Loglikelihood: -1.52551e+06	(delta): 3.89834
14 (QN/Block) 	Elapsed: 0.314	Loglikelihood: -1.52551e+06	(delta): 1.36961
15 (QN/Block) 	Elapsed: 0.317	Loglikelihood: -1.52551e+06	(delta): 0.638213
16 (QN/Block) 	Elapsed: 0.319	Loglikelihood: -1.52551e+06	(delta): 1.65609
17 (QN/Block) 	Elapsed: 0.327	Loglikelihood: -1.52551e+06	(delta): 0.482731
18 (QN/Block) 	Elapsed: 0.319	Loglikelihood: -1.52551e+06	(delta): 0.331325
19 (QN/Block) 	Elapsed: 0.354	Loglikelihood: -1.52551e+06	(delta): 0.196388
20 (QN/Block) 	Elapsed: 0.318	Loglikelihood: -1.52551e+06	(delta): 0.0643511
21 (QN/Block) 	Elapsed: 0.316	Loglikelihood: -1.52551e+06	(delta): 0.037993
22 (QN/Block) 	Elapsed: 0.321	Loglikelihood: -1.52551e+06	(delta): 0.00940435
23 (QN/Block) 	Elapsed: 0.316	Loglikelihood: -1.52551e+06	(delta): 0.00527126
24 (QN/Block) 	Elapsed: 0.32	Loglikelihood: -1.52551e+06	(delta): 0.00940801
25 (QN/Block) 	Elapsed: 0.321	Loglikelihood: -1.52551e+06	(delta): 0.004772
26 (QN/Block) 	Elapsed: 0.316	Loglikelihood: -1.52551e+06	(delta): 0.00351611
27 (QN/Block) 	Elapsed: 0.32	Loglikelihood: -1.52551e+06	(delta): 0.000846176
28 (QN/Block) 	Elapsed: 0.319	Loglikelihood: -1.52551e+06	(delta): 0.000252433
29 (QN/Block) 	Elapsed: 0.317	Loglikelihood: -1.52551e+06	(delta): 0.000170173
30 (QN/Block) 	Elapsed: 0.321	Loglikelihood: -1.52551e+06	(delta): 0.00019093
31 (QN/Block) 	Elapsed: 0.319	Loglikelihood: -1.52551e+06	(delta): 7.20208e-05
Summary: 
Converged in 31 iterations (11.01 sec)
Loglikelihood: -1525506.691337
Fst divergences between estimated populations: 
	Pop0	Pop1	Pop2	Pop3	Pop4	
Pop0	
Pop1	0.101	
Pop2	0.294	0.312	
Pop3	0.097	0.087	0.304	
Pop4	0.074	0.082	0.293	0.070	
Pop5	0.068	0.094	0.305	0.083	0.068	
CV error (K=6): 0.36159
Writing output files.
