****                   ADMIXTURE Version 1.3.0                  ****
****                    Copyright 2008-2015                     ****
****           David Alexander, Suyash Shringarpure,            ****
****                John  Novembre, Ken Lange                   ****
****                                                            ****
****                 Please cite our paper!                     ****
****   Information at www.genetics.ucla.edu/software/admixture  ****

Cross-validation will be performed.  Folds=5.
Random seed: 43
Point estimation method: Block relaxation algorithm
Convergence acceleration algorithm: QuasiNewton, 3 secant conditions
Point estimation will terminate when objective function delta < 0.0001
Estimation of standard errors disabled; will compute point estimates only.
Size of G: 261x38525
Performing five EM steps to prime main algorithm
1 (EM) 	Elapsed: 0.941	Loglikelihood: -4.73751e+06	(delta): 1.0217e+07
2 (EM) 	Elapsed: 0.936	Loglikelihood: -4.5072e+06	(delta): 230307
3 (EM) 	Elapsed: 0.939	Loglikelihood: -4.46981e+06	(delta): 37388.5
4 (EM) 	Elapsed: 0.94	Loglikelihood: -4.44813e+06	(delta): 21678.4
5 (EM) 	Elapsed: 0.939	Loglikelihood: -4.43196e+06	(delta): 16168.4
Initial loglikelihood: -4.43196e+06
Starting main algorithm
1 (QN/Block) 	Elapsed: 2.587	Loglikelihood: -4.26561e+06	(delta): 166359
2 (QN/Block) 	Elapsed: 2.587	Loglikelihood: -4.19476e+06	(delta): 70845.8
3 (QN/Block) 	Elapsed: 2.741	Loglikelihood: -4.16312e+06	(delta): 31642.2
4 (QN/Block) 	Elapsed: 2.895	Loglikelihood: -4.15125e+06	(delta): 11872.2
5 (QN/Block) 	Elapsed: 2.853	Loglikelihood: -4.14536e+06	(delta): 5889.38
6 (QN/Block) 	Elapsed: 2.854	Loglikelihood: -4.14099e+06	(delta): 4368.26
7 (QN/Block) 	Elapsed: 2.972	Loglikelihood: -4.13675e+06	(delta): 4234.52
8 (QN/Block) 	Elapsed: 2.761	Loglikelihood: -4.13531e+06	(delta): 1444.05
9 (QN/Block) 	Elapsed: 2.81	Loglikelihood: -4.13423e+06	(delta): 1082.86
10 (QN/Block) 	Elapsed: 2.739	Loglikelihood: -4.13358e+06	(delta): 648.3
11 (QN/Block) 	Elapsed: 2.818	Loglikelihood: -4.13322e+06	(delta): 357.262
12 (QN/Block) 	Elapsed: 2.738	Loglikelihood: -4.13294e+06	(delta): 279.564
13 (QN/Block) 	Elapsed: 2.967	Loglikelihood: -4.1328e+06	(delta): 140.843
14 (QN/Block) 	Elapsed: 2.962	Loglikelihood: -4.13267e+06	(delta): 131.66
15 (QN/Block) 	Elapsed: 2.998	Loglikelihood: -4.13251e+06	(delta): 159.31
16 (QN/Block) 	Elapsed: 2.761	Loglikelihood: -4.13239e+06	(delta): 116.693
17 (QN/Block) 	Elapsed: 2.839	Loglikelihood: -4.13231e+06	(delta): 78.8757
18 (QN/Block) 	Elapsed: 2.833	Loglikelihood: -4.13228e+06	(delta): 34.2989
19 (QN/Block) 	Elapsed: 2.9	Loglikelihood: -4.13222e+06	(delta): 62.5723
20 (QN/Block) 	Elapsed: 2.75	Loglikelihood: -4.13215e+06	(delta): 71.0209
21 (QN/Block) 	Elapsed: 2.735	Loglikelihood: -4.13212e+06	(delta): 27.1332
22 (QN/Block) 	Elapsed: 2.734	Loglikelihood: -4.13209e+06	(delta): 29.7994
23 (QN/Block) 	Elapsed: 2.804	Loglikelihood: -4.13196e+06	(delta): 125.578
24 (QN/Block) 	Elapsed: 2.81	Loglikelihood: -4.13161e+06	(delta): 351.552
25 (QN/Block) 	Elapsed: 2.962	Loglikelihood: -4.13149e+06	(delta): 126.298
26 (QN/Block) 	Elapsed: 2.805	Loglikelihood: -4.13141e+06	(delta): 77.2491
27 (QN/Block) 	Elapsed: 2.741	Loglikelihood: -4.13132e+06	(delta): 90.5779
28 (QN/Block) 	Elapsed: 2.736	Loglikelihood: -4.13127e+06	(delta): 44.887
29 (QN/Block) 	Elapsed: 2.736	Loglikelihood: -4.13126e+06	(delta): 12.0358
30 (QN/Block) 	Elapsed: 2.803	Loglikelihood: -4.13125e+06	(delta): 7.58238
31 (QN/Block) 	Elapsed: 2.802	Loglikelihood: -4.13125e+06	(delta): 1.42635
32 (QN/Block) 	Elapsed: 2.732	Loglikelihood: -4.13125e+06	(delta): 0.654595
33 (QN/Block) 	Elapsed: 2.727	Loglikelihood: -4.13125e+06	(delta): 0.453787
34 (QN/Block) 	Elapsed: 2.727	Loglikelihood: -4.13125e+06	(delta): 0.0696656
35 (QN/Block) 	Elapsed: 2.883	Loglikelihood: -4.13125e+06	(delta): 0.0172487
36 (QN/Block) 	Elapsed: 2.809	Loglikelihood: -4.13125e+06	(delta): 0.0112113
37 (QN/Block) 	Elapsed: 3.003	Loglikelihood: -4.13125e+06	(delta): 0.00870668
38 (QN/Block) 	Elapsed: 2.773	Loglikelihood: -4.13125e+06	(delta): 0.00422441
39 (QN/Block) 	Elapsed: 2.741	Loglikelihood: -4.13125e+06	(delta): 0.00312269
40 (QN/Block) 	Elapsed: 2.731	Loglikelihood: -4.13125e+06	(delta): 0.00431762
41 (QN/Block) 	Elapsed: 2.825	Loglikelihood: -4.13125e+06	(delta): 0.000361834
42 (QN/Block) 	Elapsed: 2.825	Loglikelihood: -4.13125e+06	(delta): 0.000174231
43 (QN/Block) 	Elapsed: 2.757	Loglikelihood: -4.13125e+06	(delta): 8.12444e-05
Summary: 
Converged in 43 iterations (129.195 sec)
Loglikelihood: -4131250.302591
Fst divergences between estimated populations: 
	Pop0	Pop1	Pop2	Pop3	Pop4	Pop5	
Pop0	
Pop1	0.111	
Pop2	0.041	0.115	
Pop3	0.077	0.122	0.087	
Pop4	0.060	0.143	0.071	0.092	
Pop5	0.042	0.120	0.054	0.086	0.052	
Pop6	0.205	0.248	0.209	0.223	0.223	0.205	
CV error (K=7): 0.18267
Writing output files.
