****                   ADMIXTURE Version 1.3.0                  ****
****                    Copyright 2008-2015                     ****
****           David Alexander, Suyash Shringarpure,            ****
****                John  Novembre, Ken Lange                   ****
****                                                            ****
****                 Please cite our paper!                     ****
****   Information at www.genetics.ucla.edu/software/admixture  ****

Cross-validation will be performed.  Folds=5.
Random seed: 43
Point estimation method: Block relaxation algorithm
Convergence acceleration algorithm: QuasiNewton, 3 secant conditions
Point estimation will terminate when objective function delta < 0.0001
Estimation of standard errors disabled; will compute point estimates only.
Size of G: 261x11955
Performing five EM steps to prime main algorithm
1 (EM) 	Elapsed: 0.377	Loglikelihood: -3.56624e+06	(delta): 1.02226e+06
2 (EM) 	Elapsed: 0.374	Loglikelihood: -3.48805e+06	(delta): 78190.7
3 (EM) 	Elapsed: 0.374	Loglikelihood: -3.46869e+06	(delta): 19368.3
4 (EM) 	Elapsed: 0.373	Loglikelihood: -3.45676e+06	(delta): 11924.4
5 (EM) 	Elapsed: 0.377	Loglikelihood: -3.44757e+06	(delta): 9191.13
Initial loglikelihood: -3.44757e+06
Starting main algorithm
1 (QN/Block) 	Elapsed: 1.143	Loglikelihood: -3.33651e+06	(delta): 111055
2 (QN/Block) 	Elapsed: 1.148	Loglikelihood: -3.30716e+06	(delta): 29358.8
3 (QN/Block) 	Elapsed: 1.23	Loglikelihood: -3.2981e+06	(delta): 9057.96
4 (QN/Block) 	Elapsed: 1.267	Loglikelihood: -3.29122e+06	(delta): 6877.13
5 (QN/Block) 	Elapsed: 1.312	Loglikelihood: -3.28742e+06	(delta): 3797.32
6 (QN/Block) 	Elapsed: 1.25	Loglikelihood: -3.28544e+06	(delta): 1987.22
7 (QN/Block) 	Elapsed: 1.248	Loglikelihood: -3.2842e+06	(delta): 1234.96
8 (QN/Block) 	Elapsed: 1.298	Loglikelihood: -3.28366e+06	(delta): 538.287
9 (QN/Block) 	Elapsed: 1.212	Loglikelihood: -3.28325e+06	(delta): 413.445
10 (QN/Block) 	Elapsed: 1.422	Loglikelihood: -3.28291e+06	(delta): 340.813
11 (QN/Block) 	Elapsed: 1.212	Loglikelihood: -3.28261e+06	(delta): 294.356
12 (QN/Block) 	Elapsed: 1.282	Loglikelihood: -3.28229e+06	(delta): 326.643
13 (QN/Block) 	Elapsed: 1.303	Loglikelihood: -3.28192e+06	(delta): 368.212
14 (QN/Block) 	Elapsed: 1.254	Loglikelihood: -3.28164e+06	(delta): 284.181
15 (QN/Block) 	Elapsed: 1.2	Loglikelihood: -3.28137e+06	(delta): 265.179
16 (QN/Block) 	Elapsed: 1.207	Loglikelihood: -3.28127e+06	(delta): 100.613
17 (QN/Block) 	Elapsed: 1.203	Loglikelihood: -3.28117e+06	(delta): 101.118
18 (QN/Block) 	Elapsed: 1.202	Loglikelihood: -3.28112e+06	(delta): 44.1697
19 (QN/Block) 	Elapsed: 1.201	Loglikelihood: -3.28111e+06	(delta): 12.1445
20 (QN/Block) 	Elapsed: 1.225	Loglikelihood: -3.2811e+06	(delta): 8.34219
21 (QN/Block) 	Elapsed: 1.403	Loglikelihood: -3.2811e+06	(delta): 4.08729
22 (QN/Block) 	Elapsed: 1.472	Loglikelihood: -3.2811e+06	(delta): 4.11859
23 (QN/Block) 	Elapsed: 1.207	Loglikelihood: -3.28109e+06	(delta): 2.3686
24 (QN/Block) 	Elapsed: 1.206	Loglikelihood: -3.28109e+06	(delta): 1.09432
25 (QN/Block) 	Elapsed: 1.201	Loglikelihood: -3.28109e+06	(delta): 0.653614
26 (QN/Block) 	Elapsed: 1.207	Loglikelihood: -3.28109e+06	(delta): 0.286091
27 (QN/Block) 	Elapsed: 1.205	Loglikelihood: -3.28109e+06	(delta): 0.0788521
28 (QN/Block) 	Elapsed: 1.208	Loglikelihood: -3.28109e+06	(delta): 0.0734348
29 (QN/Block) 	Elapsed: 1.204	Loglikelihood: -3.28109e+06	(delta): 0.0121369
30 (QN/Block) 	Elapsed: 1.203	Loglikelihood: -3.28109e+06	(delta): 0.00973767
31 (QN/Block) 	Elapsed: 1.202	Loglikelihood: -3.28109e+06	(delta): 0.000729672
32 (QN/Block) 	Elapsed: 1.202	Loglikelihood: -3.28109e+06	(delta): 0.000611062
33 (QN/Block) 	Elapsed: 1.217	Loglikelihood: -3.28109e+06	(delta): 6.17495e-05
Summary: 
Converged in 33 iterations (44.328 sec)
Loglikelihood: -3281091.171569
Fst divergences between estimated populations: 
	Pop0	Pop1	Pop2	Pop3	Pop4	Pop5	Pop6	
Pop0	
Pop1	0.204	
Pop2	0.189	0.095	
Pop3	0.221	0.109	0.104	
Pop4	0.184	0.103	0.090	0.137	
Pop5	0.398	0.306	0.282	0.307	0.309	
Pop6	0.185	0.117	0.095	0.105	0.109	0.297	
Pop7	0.182	0.109	0.095	0.115	0.099	0.302	0.095	
CV error (K=8): 0.35374
Writing output files.
