****                   ADMIXTURE Version 1.3.0                  ****
****                    Copyright 2008-2015                     ****
****           David Alexander, Suyash Shringarpure,            ****
****                John  Novembre, Ken Lange                   ****
****                                                            ****
****                 Please cite our paper!                     ****
****   Information at www.genetics.ucla.edu/software/admixture  ****

Cross-validation will be performed.  Folds=5.
Random seed: 43
Point estimation method: Block relaxation algorithm
Convergence acceleration algorithm: QuasiNewton, 3 secant conditions
Point estimation will terminate when objective function delta < 0.0001
Estimation of standard errors disabled; will compute point estimates only.
Size of G: 261x5562
Performing five EM steps to prime main algorithm
1 (EM) 	Elapsed: 0.192	Loglikelihood: -1.64435e+06	(delta): 471134
2 (EM) 	Elapsed: 0.191	Loglikelihood: -1.60886e+06	(delta): 35497.7
3 (EM) 	Elapsed: 0.192	Loglikelihood: -1.60061e+06	(delta): 8245.09
4 (EM) 	Elapsed: 0.192	Loglikelihood: -1.59554e+06	(delta): 5074.4
5 (EM) 	Elapsed: 0.19	Loglikelihood: -1.59155e+06	(delta): 3989.94
Initial loglikelihood: -1.59155e+06
Starting main algorithm
1 (QN/Block) 	Elapsed: 0.532	Loglikelihood: -1.53538e+06	(delta): 56161.6
2 (QN/Block) 	Elapsed: 0.53	Loglikelihood: -1.52003e+06	(delta): 15356.8
3 (QN/Block) 	Elapsed: 0.581	Loglikelihood: -1.51417e+06	(delta): 5856.79
4 (QN/Block) 	Elapsed: 0.608	Loglikelihood: -1.51105e+06	(delta): 3125.63
5 (QN/Block) 	Elapsed: 0.577	Loglikelihood: -1.50982e+06	(delta): 1223.83
6 (QN/Block) 	Elapsed: 0.562	Loglikelihood: -1.50872e+06	(delta): 1098.33
7 (QN/Block) 	Elapsed: 0.582	Loglikelihood: -1.50764e+06	(delta): 1085.25
8 (QN/Block) 	Elapsed: 0.591	Loglikelihood: -1.50711e+06	(delta): 523.941
9 (QN/Block) 	Elapsed: 0.561	Loglikelihood: -1.50691e+06	(delta): 203.683
10 (QN/Block) 	Elapsed: 0.562	Loglikelihood: -1.50678e+06	(delta): 127.897
11 (QN/Block) 	Elapsed: 0.561	Loglikelihood: -1.50668e+06	(delta): 104.004
12 (QN/Block) 	Elapsed: 0.56	Loglikelihood: -1.50661e+06	(delta): 63.97
13 (QN/Block) 	Elapsed: 0.562	Loglikelihood: -1.50658e+06	(delta): 34.3964
14 (QN/Block) 	Elapsed: 0.562	Loglikelihood: -1.50656e+06	(delta): 19.7575
15 (QN/Block) 	Elapsed: 0.565	Loglikelihood: -1.50655e+06	(delta): 10.5505
16 (QN/Block) 	Elapsed: 0.572	Loglikelihood: -1.50654e+06	(delta): 6.18774
17 (QN/Block) 	Elapsed: 0.562	Loglikelihood: -1.50654e+06	(delta): 3.75128
18 (QN/Block) 	Elapsed: 0.558	Loglikelihood: -1.50654e+06	(delta): 2.46103
19 (QN/Block) 	Elapsed: 0.561	Loglikelihood: -1.50654e+06	(delta): 1.14415
20 (QN/Block) 	Elapsed: 0.56	Loglikelihood: -1.50654e+06	(delta): 0.433391
21 (QN/Block) 	Elapsed: 0.561	Loglikelihood: -1.50654e+06	(delta): 0.714895
22 (QN/Block) 	Elapsed: 0.563	Loglikelihood: -1.50653e+06	(delta): 0.853219
23 (QN/Block) 	Elapsed: 0.577	Loglikelihood: -1.50653e+06	(delta): 0.538246
24 (QN/Block) 	Elapsed: 0.563	Loglikelihood: -1.50653e+06	(delta): 0.898358
25 (QN/Block) 	Elapsed: 0.561	Loglikelihood: -1.50653e+06	(delta): 0.588831
26 (QN/Block) 	Elapsed: 0.564	Loglikelihood: -1.50653e+06	(delta): 0.23192
27 (QN/Block) 	Elapsed: 0.579	Loglikelihood: -1.50653e+06	(delta): 0.0783868
28 (QN/Block) 	Elapsed: 0.565	Loglikelihood: -1.50653e+06	(delta): 0.0669679
29 (QN/Block) 	Elapsed: 0.579	Loglikelihood: -1.50653e+06	(delta): 0.0163115
30 (QN/Block) 	Elapsed: 0.571	Loglikelihood: -1.50653e+06	(delta): 0.00611714
31 (QN/Block) 	Elapsed: 0.572	Loglikelihood: -1.50653e+06	(delta): 0.00264136
32 (QN/Block) 	Elapsed: 0.576	Loglikelihood: -1.50653e+06	(delta): 0.000546483
33 (QN/Block) 	Elapsed: 0.568	Loglikelihood: -1.50653e+06	(delta): 0.000284601
34 (QN/Block) 	Elapsed: 0.572	Loglikelihood: -1.50653e+06	(delta): 7.74602e-05
Summary: 
Converged in 34 iterations (20.883 sec)
Loglikelihood: -1506532.009621
Fst divergences between estimated populations: 
	Pop0	Pop1	Pop2	Pop3	Pop4	Pop5	Pop6	Pop7	
Pop0	
Pop1	0.107	
Pop2	0.307	0.312	
Pop3	0.104	0.102	0.317	
Pop4	0.100	0.103	0.316	0.125	
Pop5	0.132	0.116	0.329	0.145	0.130	
Pop6	0.100	0.087	0.303	0.111	0.093	0.112	
Pop7	0.117	0.110	0.313	0.139	0.105	0.132	0.095	
Pop8	0.199	0.201	0.400	0.223	0.189	0.210	0.196	0.195	
CV error (K=9): 0.35564
Writing output files.
